Using pre-set license
Built from '2021.3/staging' branch; Version is '2021.3.5f1 (40eb3a945986) revision 4254522'; Using compiler version '192829333'; Build Type 'Release'
OS: 'Windows 10  (10.0.19045) 64bit Professional' Language: 'ru' Physical Memory: 8097 MB
BatchMode: 1, IsHumanControllingUs: 0, StartBugReporterOnCrash: 0, Is64bit: 1, IsPro: 1

COMMAND LINE ARGUMENTS:
C:\Program Files\Unity\Hub\Editor\2021.3.5f1\Editor\Unity.exe
-adb2
-batchMode
-noUpm
-name
AssetImportWorker0
-projectPath
C:/Users/Algo/Documents/GitHub/3D
-logFile
Logs/AssetImportWorker0.log
-srvPort
54662
Successfully changed project path to: C:/Users/Algo/Documents/GitHub/3D
C:/Users/Algo/Documents/GitHub/3D
[UnityMemory] Configuration Parameters - Can be set up in boot.config
    "memorysetup-bucket-allocator-granularity=16"
    "memorysetup-bucket-allocator-bucket-count=8"
    "memorysetup-bucket-allocator-block-size=33554432"
    "memorysetup-bucket-allocator-block-count=8"
    "memorysetup-main-allocator-block-size=16777216"
    "memorysetup-thread-allocator-block-size=16777216"
    "memorysetup-gfx-main-allocator-block-size=16777216"
    "memorysetup-gfx-thread-allocator-block-size=16777216"
    "memorysetup-cache-allocator-block-size=4194304"
    "memorysetup-typetree-allocator-block-size=2097152"
    "memorysetup-profiler-bucket-allocator-granularity=16"
    "memorysetup-profiler-bucket-allocator-bucket-count=8"
    "memorysetup-profiler-bucket-allocator-block-size=33554432"
    "memorysetup-profiler-bucket-allocator-block-count=8"
    "memorysetup-profiler-allocator-block-size=16777216"
    "memorysetup-profiler-editor-allocator-block-size=1048576"
    "memorysetup-temp-allocator-size-main=16777216"
    "memorysetup-job-temp-allocator-block-size=2097152"
    "memorysetup-job-temp-allocator-block-size-background=1048576"
    "memorysetup-job-temp-allocator-reduction-small-platforms=262144"
    "memorysetup-temp-allocator-size-background-worker=32768"
    "memorysetup-temp-allocator-size-job-worker=262144"
    "memorysetup-temp-allocator-size-preload-manager=33554432"
    "memorysetup-temp-allocator-size-nav-mesh-worker=65536"
    "memorysetup-temp-allocator-size-audio-worker=65536"
    "memorysetup-temp-allocator-size-cloud-worker=32768"
    "memorysetup-temp-allocator-size-gi-baking-worker=262144"
    "memorysetup-temp-allocator-size-gfx=262144"
Refreshing native plugins compatible for Editor in 217.91 ms, found 3 plugins.
Preloading 0 native plugins for Editor in 0.00 ms.
Initialize engine version: 2021.3.5f1 (40eb3a945986)
[Subsystems] Discovering subsystems at path C:/Program Files/Unity/Hub/Editor/2021.3.5f1/Editor/Data/Resources/UnitySubsystems
[Subsystems] Discovering subsystems at path C:/Users/Algo/Documents/GitHub/3D/Assets
GfxDevice: creating device client; threaded=0; jobified=0
Direct3D:
    Version:  Direct3D 11.0 [level 11.0]
    Renderer: NVIDIA GeForce 920MX (ID=0x134f)
    Vendor:   NVIDIA
    VRAM:     2020 MB
    Driver:   22.21.13.8264
Initialize mono
Mono path[0] = 'C:/Program Files/Unity/Hub/Editor/2021.3.5f1/Editor/Data/Managed'
Mono path[1] = 'C:/Program Files/Unity/Hub/Editor/2021.3.5f1/Editor/Data/MonoBleedingEdge/lib/mono/unityjit-win32'
Mono config path = 'C:/Program Files/Unity/Hub/Editor/2021.3.5f1/Editor/Data/MonoBleedingEdge/etc'
Using monoOptions --debugger-agent=transport=dt_socket,embedding=1,server=y,suspend=n,address=127.0.0.1:56948
Begin MonoManager ReloadAssembly
Registering precompiled unity dll's ...
Register platform support module: C:/Program Files/Unity/Hub/Editor/2021.3.5f1/Editor/Data/PlaybackEngines/WindowsStandaloneSupport/UnityEditor.WindowsStandalone.Extensions.dll
Registered in 0.011175 seconds.
Native extension for WindowsStandalone target not found
Refreshing native plugins compatible for Editor in 155.37 ms, found 3 plugins.
Preloading 0 native plugins for Editor in 0.00 ms.
Mono: successfully reloaded assembly
- Completed reload, in  1.076 seconds
Domain Reload Profiling:
	ReloadAssembly (1077ms)
		BeginReloadAssembly (149ms)
			ExecutionOrderSort (0ms)
			DisableScriptedObjects (0ms)
			BackupInstance (0ms)
			ReleaseScriptingObjects (0ms)
			CreateAndSetChildDomain (1ms)
		EndReloadAssembly (743ms)
			LoadAssemblies (144ms)
			RebuildTransferFunctionScriptingTraits (0ms)
			SetupTypeCache (170ms)
			ReleaseScriptCaches (0ms)
			RebuildScriptCaches (48ms)
			SetupLoadedEditorAssemblies (439ms)
				LogAssemblyErrors (0ms)
				InitializePlatformSupportModulesInManaged (11ms)
				SetLoadedEditorAssemblies (0ms)
				RefreshPlugins (155ms)
				BeforeProcessingInitializeOnLoad (2ms)
				ProcessInitializeOnLoadAttributes (189ms)
				ProcessInitializeOnLoadMethodAttributes (81ms)
				AfterProcessingInitializeOnLoad (0ms)
				EditorAssembliesLoaded (0ms)
			ExecutionOrderSort2 (0ms)
			AwakeInstancesAfterBackupRestoration (0ms)
Platform modules already initialized, skipping
Registering precompiled user dll's ...
Registered in 0.010474 seconds.
Begin MonoManager ReloadAssembly
Symbol file LoadedFromMemory doesn't match image C:\Users\Algo\Documents\GitHub\3D\Library\PackageCache\com.unity.visualscripting@1.7.8\Editor\VisualScripting.Core\Dependencies\YamlDotNet\Unity.VisualScripting.YamlDotNet.dll
Symbol file LoadedFromMemory doesn't match image C:\Users\Algo\Documents\GitHub\3D\Library\PackageCache\com.unity.visualscripting@1.7.8\Editor\VisualScripting.Core\Dependencies\DotNetZip\Unity.VisualScripting.IonicZip.dll
Native extension for WindowsStandalone target not found
Refreshing native plugins compatible for Editor in 0.94 ms, found 3 plugins.
Preloading 0 native plugins for Editor in 0.00 ms.
Mono: successfully reloaded assembly
- Completed reload, in  1.958 seconds
Domain Reload Profiling:
	ReloadAssembly (1959ms)
		BeginReloadAssembly (219ms)
			ExecutionOrderSort (0ms)
			DisableScriptedObjects (11ms)
			BackupInstance (0ms)
			ReleaseScriptingObjects (0ms)
			CreateAndSetChildDomain (35ms)
		EndReloadAssembly (1516ms)
			LoadAssemblies (167ms)
			RebuildTransferFunctionScriptingTraits (0ms)
			SetupTypeCache (545ms)
			ReleaseScriptCaches (1ms)
			RebuildScriptCaches (99ms)
			SetupLoadedEditorAssemblies (653ms)
				LogAssemblyErrors (0ms)
				InitializePlatformSupportModulesInManaged (9ms)
				SetLoadedEditorAssemblies (1ms)
				RefreshPlugins (1ms)
				BeforeProcessingInitializeOnLoad (148ms)
				ProcessInitializeOnLoadAttributes (432ms)
				ProcessInitializeOnLoadMethodAttributes (49ms)
				AfterProcessingInitializeOnLoad (12ms)
				EditorAssembliesLoaded (0ms)
			ExecutionOrderSort2 (0ms)
			AwakeInstancesAfterBackupRestoration (10ms)
Platform modules already initialized, skipping
========================================================================
Worker process is ready to serve import requests
Launched and connected shader compiler UnityShaderCompiler.exe after 0.26 seconds
Refreshing native plugins compatible for Editor in 1.53 ms, found 3 plugins.
Preloading 0 native plugins for Editor in 0.00 ms.
Unloading 3380 Unused Serialized files (Serialized files now loaded: 0)
Unloading 27 unused Assets / (111.1 KB). Loaded Objects now: 3844.
Memory consumption went from 120.4 MB to 120.2 MB.
Total: 5.955600 ms (FindLiveObjects: 0.337300 ms CreateObjectMapping: 0.278500 ms MarkObjects: 5.144200 ms  DeleteObjects: 0.194200 ms)

AssetImportParameters requested are different than current active one (requested -> active):
  custom:video-decoder-ogg-theora: a1e56fd34408186e4bbccfd4996cb3dc -> 
  custom:container-muxer-webm: aa71ff27fc2769a1b78a27578f13a17b -> 
  custom:container-demuxer-webm: 4f35f7cbe854078d1ac9338744f61a02 -> 
  custom:video-encoder-webm-vp8: eb34c28f22e8b96e1ab97ce403110664 -> 
  custom:audio-encoder-webm-vorbis: bf7c407c2cedff20999df2af8eb42d56 -> 
  custom:framework-win-MediaFoundation: 216162199b28c13a410421893ffa2e32 -> 
  custom:container-demuxer-ogg: 62fdf1f143b41e24485cea50d1cbac27 -> 
  custom:video-decoder-webm-vp8: 9c59270c3fd7afecdb556c50c9e8de78 -> 
  custom:audio-decoder-ogg-vorbis: bf7c407c2cedff20999df2af8eb42d56 -> 
========================================================================
Received Import Request.
  Time since last request: 258998.225712 seconds.
  path: Packages/com.unity.testtools.codecoverage/package.json
  artifactKey: Guid(ba7d60725b0ec604698819352642be89) Importer(815301076,1909f56bfc062723c751e8b465ee728b)
Start importing Packages/com.unity.testtools.codecoverage/package.json using Guid(ba7d60725b0ec604698819352642be89) Importer(815301076,1909f56bfc062723c751e8b465ee728b)  -> (artifact id: 'bd2dd2fcfb070eff30dd06220f902a2a') in 0.114229 seconds 
========================================================================
Received Import Request.
  Time since last request: 4.657857 seconds.
  path: Assets/ThirdPart/MegaPack1Lite/SciFiPack1/Models/Materials/SciFi_Accent.mat
  artifactKey: Guid(710af2bca24854d46b7bddab13c374b5) Importer(815301076,1909f56bfc062723c751e8b465ee728b)
Start importing Assets/ThirdPart/MegaPack1Lite/SciFiPack1/Models/Materials/SciFi_Accent.mat using Guid(710af2bca24854d46b7bddab13c374b5) Importer(815301076,1909f56bfc062723c751e8b465ee728b)  -> (artifact id: 'ed30934244d3c4a5988f1196ca084130') in 0.222204 seconds 
========================================================================
Received Import Request.
  Time since last request: 0.000046 seconds.
  path: Assets/ThirdPart/MegaPack1Lite/SciFiPack1/Models/Materials/SciFi_Button2_Lit.mat
  artifactKey: Guid(71bf2bc9be6334274b71c399f0a3ecb2) Importer(815301076,1909f56bfc062723c751e8b465ee728b)
Start importing Assets/ThirdPart/MegaPack1Lite/SciFiPack1/Models/Materials/SciFi_Button2_Lit.mat using Guid(71bf2bc9be6334274b71c399f0a3ecb2) Importer(815301076,1909f56bfc062723c751e8b465ee728b)  -> (artifact id: 'a784f5aea38cb1dda44c6babb9d4b3fa') in 0.058039 seconds 
========================================================================
Received Import Request.
  Time since last request: 0.000066 seconds.
  path: Assets/ThirdPart/MegaPack1Lite/SciFiPack1/Prefabs/scifi_bench.prefab
  artifactKey: Guid(003742bbe7a2d4070b0c6c6c7ae6b7ad) Importer(815301076,1909f56bfc062723c751e8b465ee728b)
Start importing Assets/ThirdPart/MegaPack1Lite/SciFiPack1/Prefabs/scifi_bench.prefab using Guid(003742bbe7a2d4070b0c6c6c7ae6b7ad) Importer(815301076,1909f56bfc062723c751e8b465ee728b)  -> (artifact id: 'd911190604bdbe4a3e9dd9fe9d6d70c5') in 0.084568 seconds 
========================================================================
Received Import Request.
  Time since last request: 0.000030 seconds.
  path: Assets/ThirdPart/MegaPack1Lite/SciFiPack1/Prefabs/scifi_column.prefab
  artifactKey: Guid(73f568b2946aa4b97abf0909bef6bb2d) Importer(815301076,1909f56bfc062723c751e8b465ee728b)
Start importing Assets/ThirdPart/MegaPack1Lite/SciFiPack1/Prefabs/scifi_column.prefab using Guid(73f568b2946aa4b97abf0909bef6bb2d) Importer(815301076,1909f56bfc062723c751e8b465ee728b)  -> (artifact id: '2b8de07be85690868d418f93311ee669') in 0.069906 seconds 
========================================================================
Received Import Request.
  Time since last request: 0.000085 seconds.
  path: Assets/ThirdPart/MegaPack1Lite/SciFiPack1/Models/Materials/SciFi_Button5_Lit.mat
  artifactKey: Guid(125a5cc68efad49e68d81c31dd45d5fb) Importer(815301076,1909f56bfc062723c751e8b465ee728b)
Start importing Assets/ThirdPart/MegaPack1Lite/SciFiPack1/Models/Materials/SciFi_Button5_Lit.mat using Guid(125a5cc68efad49e68d81c31dd45d5fb) Importer(815301076,1909f56bfc062723c751e8b465ee728b)  -> (artifact id: '78f9763922b4309e34c8d944bfb61b34') in 0.054189 seconds 
========================================================================
Received Import Request.
  Time since last request: 0.000120 seconds.
  path: Assets/ThirdPart/MegaPack1Lite/SciFiPack1/Models/Materials/SciFi_Button2.mat
  artifactKey: Guid(65ab0cdf0708d43f09113cc0007dd77f) Importer(815301076,1909f56bfc062723c751e8b465ee728b)
Start importing Assets/ThirdPart/MegaPack1Lite/SciFiPack1/Models/Materials/SciFi_Button2.mat using Guid(65ab0cdf0708d43f09113cc0007dd77f) Importer(815301076,1909f56bfc062723c751e8b465ee728b)  -> (artifact id: '9201584b783ca4a491832aea63df3ff5') in 0.056923 seconds 
========================================================================
Received Import Request.
  Time since last request: 0.000110 seconds.
  path: Assets/ThirdPart/MegaPack1Lite/SciFiPack1/Models/scifi_bench.fbx
  artifactKey: Guid(cdabb3d2130714f59b83e7c5cecab26e) Importer(815301076,1909f56bfc062723c751e8b465ee728b)
Start importing Assets/ThirdPart/MegaPack1Lite/SciFiPack1/Models/scifi_bench.fbx using Guid(cdabb3d2130714f59b83e7c5cecab26e) Importer(815301076,1909f56bfc062723c751e8b465ee728b)  -> (artifact id: '0573a7569ef7df95de76dc7e967a1a6c') in 0.073704 seconds 
========================================================================
Received Import Request.
  Time since last request: 0.000048 seconds.
  path: Assets/ThirdPart/MegaPack1Lite/SciFiPack1/Models/Materials/SciFi_Button5.mat
  artifactKey: Guid(4aefe6a725e4f43148f85452d39da214) Importer(815301076,1909f56bfc062723c751e8b465ee728b)
Start importing Assets/ThirdPart/MegaPack1Lite/SciFiPack1/Models/Materials/SciFi_Button5.mat using Guid(4aefe6a725e4f43148f85452d39da214) Importer(815301076,1909f56bfc062723c751e8b465ee728b)  -> (artifact id: '977c58594362f8b0a68e4da6c30fdf9b') in 0.064160 seconds 
========================================================================
Received Import Request.
  Time since last request: 0.000038 seconds.
  path: Assets/ThirdPart/MegaPack1Lite/SciFiPack1/Models/scifi_console.fbx
  artifactKey: Guid(6aaa8741e1d4f46d8a73257685372428) Importer(815301076,1909f56bfc062723c751e8b465ee728b)
Start importing Assets/ThirdPart/MegaPack1Lite/SciFiPack1/Models/scifi_console.fbx using Guid(6aaa8741e1d4f46d8a73257685372428) Importer(815301076,1909f56bfc062723c751e8b465ee728b)  -> (artifact id: '9948f6b033399c632868599b7a957002') in 0.132974 seconds 
========================================================================
Received Import Request.
  Time since last request: 0.000046 seconds.
  path: Assets/ThirdPart/MegaPack1Lite/SciFiPack1/Prefabs/scifi_crate_1.prefab
  artifactKey: Guid(49d4f0d60d3be47489625ebce080b529) Importer(815301076,1909f56bfc062723c751e8b465ee728b)
Start importing Assets/ThirdPart/MegaPack1Lite/SciFiPack1/Prefabs/scifi_crate_1.prefab using Guid(49d4f0d60d3be47489625ebce080b529) Importer(815301076,1909f56bfc062723c751e8b465ee728b)  -> (artifact id: 'fb35316f92c917e448a7d0cc75a0bdd6') in 0.057368 seconds 
========================================================================
Received Import Request.
  Time since last request: 0.000044 seconds.
  path: Assets/ThirdPart/MegaPack1Lite/SciFiPack1/Models/Materials/SciFi_Cloth.mat
  artifactKey: Guid(2773f9954eda747649fb96db98d9ede2) Importer(815301076,1909f56bfc062723c751e8b465ee728b)
Start importing Assets/ThirdPart/MegaPack1Lite/SciFiPack1/Models/Materials/SciFi_Cloth.mat using Guid(2773f9954eda747649fb96db98d9ede2) Importer(815301076,1909f56bfc062723c751e8b465ee728b)  -> (artifact id: '95dca15a31eacd1106c14838d6873e0f') in 0.039250 seconds 
========================================================================
Received Import Request.
  Time since last request: 0.000113 seconds.
  path: Assets/ThirdPart/MegaPack1Lite/SciFiPack1/Prefabs/scifi_bed.prefab
  artifactKey: Guid(f90283dd9ceb04cfa8cf35cc6712f07a) Importer(815301076,1909f56bfc062723c751e8b465ee728b)
Start importing Assets/ThirdPart/MegaPack1Lite/SciFiPack1/Prefabs/scifi_bed.prefab using Guid(f90283dd9ceb04cfa8cf35cc6712f07a) Importer(815301076,1909f56bfc062723c751e8b465ee728b)  -> (artifact id: '320b13f06ec9ef248a43856bd34cacfe') in 0.046068 seconds 
========================================================================
Received Import Request.
  Time since last request: 0.000041 seconds.
  path: Assets/ThirdPart/MegaPack1Lite/SciFiPack1/Models/scifi_column.fbx
  artifactKey: Guid(cf2d0994efa864f699f8610376ddc2dd) Importer(815301076,1909f56bfc062723c751e8b465ee728b)
Start importing Assets/ThirdPart/MegaPack1Lite/SciFiPack1/Models/scifi_column.fbx using Guid(cf2d0994efa864f699f8610376ddc2dd) Importer(815301076,1909f56bfc062723c751e8b465ee728b)  -> (artifact id: '230ad0c23440f3b5a762e3f4228b959c') in 0.053411 seconds 
========================================================================
Received Import Request.
  Time since last request: 0.000035 seconds.
  path: Assets/ThirdPart/MegaPack1Lite/SciFiPack1/Models/scifi_panel_horizontal.fbx
  artifactKey: Guid(85563834566554d96bc44fa80acd6b2b) Importer(815301076,1909f56bfc062723c751e8b465ee728b)
Start importing Assets/ThirdPart/MegaPack1Lite/SciFiPack1/Models/scifi_panel_horizontal.fbx using Guid(85563834566554d96bc44fa80acd6b2b) Importer(815301076,1909f56bfc062723c751e8b465ee728b)  -> (artifact id: '997b7913087266184ba9ca06c197b021') in 0.096560 seconds 
========================================================================
Received Import Request.
  Time since last request: 4.597922 seconds.
  path: Assets/ThirdPart/MegaPack1Lite/Steampunk/Models/steampunk_crane.fbx
  artifactKey: Guid(acfa514cce4ad4311a21fba87d7d01d7) Importer(815301076,1909f56bfc062723c751e8b465ee728b)
Start importing Assets/ThirdPart/MegaPack1Lite/Steampunk/Models/steampunk_crane.fbx using Guid(acfa514cce4ad4311a21fba87d7d01d7) Importer(815301076,1909f56bfc062723c751e8b465ee728b)  -> (artifact id: '7526984495ee2f6974041e69b4fb25e4') in 0.322922 seconds 
========================================================================
Received Import Request.
  Time since last request: 0.000041 seconds.
  path: Assets/ThirdPart/Nature pack extended/Materials/Mesh2_Plant_1_ModelMat.mat
  artifactKey: Guid(3e3c6bc87628de7429079fe11db26ed5) Importer(815301076,1909f56bfc062723c751e8b465ee728b)
Start importing Assets/ThirdPart/Nature pack extended/Materials/Mesh2_Plant_1_ModelMat.mat using Guid(3e3c6bc87628de7429079fe11db26ed5) Importer(815301076,1909f56bfc062723c751e8b465ee728b)  -> (artifact id: 'c1530661278caf75fd15e1b985b8f233') in 0.068570 seconds 
========================================================================
Received Import Request.
  Time since last request: 0.000042 seconds.
  path: Assets/ThirdPart/Nature pack extended/Materials/Mesh1_Plant_3_ModelMat.mat
  artifactKey: Guid(70f0b99c855ad214b86abceef70f3d6d) Importer(815301076,1909f56bfc062723c751e8b465ee728b)
Start importing Assets/ThirdPart/Nature pack extended/Materials/Mesh1_Plant_3_ModelMat.mat using Guid(70f0b99c855ad214b86abceef70f3d6d) Importer(815301076,1909f56bfc062723c751e8b465ee728b)  -> (artifact id: 'e8f7cdb4ea0d4946f9d5eddee48575b9') in 0.078948 seconds 
========================================================================
Received Import Request.
  Time since last request: 0.000031 seconds.
  path: Assets/ThirdPart/MegaPack1Lite/TropicalIslandPack1/Models/island_plant_5.fbx
  artifactKey: Guid(d458e01886c684a449abefca599d5e2a) Importer(815301076,1909f56bfc062723c751e8b465ee728b)
Start importing Assets/ThirdPart/MegaPack1Lite/TropicalIslandPack1/Models/island_plant_5.fbx using Guid(d458e01886c684a449abefca599d5e2a) Importer(815301076,1909f56bfc062723c751e8b465ee728b)  -> (artifact id: '3b2841895041e66f0c32b223e884ae16') in 0.056652 seconds 
========================================================================
Received Import Request.
  Time since last request: 0.000058 seconds.
  path: Assets/ThirdPart/Nature pack extended/Materials/Mesh1_Plate_River_ModelMat.mat
  artifactKey: Guid(ba60b56db744809418d3d1aeac761181) Importer(815301076,1909f56bfc062723c751e8b465ee728b)
Start importing Assets/ThirdPart/Nature pack extended/Materials/Mesh1_Plate_River_ModelMat.mat using Guid(ba60b56db744809418d3d1aeac761181) Importer(815301076,1909f56bfc062723c751e8b465ee728b)  -> (artifact id: '64f44791d6d1eebec2bb3e90985476b6') in 0.062927 seconds 
========================================================================
Received Import Request.
  Time since last request: 0.000036 seconds.
  path: Assets/ThirdPart/Nature pack extended/Materials/Mesh1_Plate_River_Corner_ModelMat.mat
  artifactKey: Guid(82821756cfca78c4abc6d7cbe6e96d92) Importer(815301076,1909f56bfc062723c751e8b465ee728b)
Start importing Assets/ThirdPart/Nature pack extended/Materials/Mesh1_Plate_River_Corner_ModelMat.mat using Guid(82821756cfca78c4abc6d7cbe6e96d92) Importer(815301076,1909f56bfc062723c751e8b465ee728b)  -> (artifact id: '2cb1b29c325fcbc439f208066b3ce9c1') in 0.059422 seconds 
========================================================================
Received Import Request.
  Time since last request: 0.000102 seconds.
  path: Assets/ThirdPart/Nature pack extended/Materials/Mesh1_Plate_Grass_Dirt_ModelMat.mat
  artifactKey: Guid(a4110088d2f8f9346b97f572a68bfa73) Importer(815301076,1909f56bfc062723c751e8b465ee728b)
Start importing Assets/ThirdPart/Nature pack extended/Materials/Mesh1_Plate_Grass_Dirt_ModelMat.mat using Guid(a4110088d2f8f9346b97f572a68bfa73) Importer(815301076,1909f56bfc062723c751e8b465ee728b)  -> (artifact id: '49f52fd7fd783cc75e8a7c5e25c797ad') in 0.065615 seconds 
========================================================================
Received Import Request.
  Time since last request: 63.428635 seconds.
  path: Assets/Code/Player.cs
  artifactKey: Guid(5b95e87799144d148aac7d4ae61eed57) Importer(815301076,1909f56bfc062723c751e8b465ee728b)
Start importing Assets/Code/Player.cs using Guid(5b95e87799144d148aac7d4ae61eed57) Importer(815301076,1909f56bfc062723c751e8b465ee728b)  -> (artifact id: '328df03f3334846cabfa260cd09c2968') in 0.031925 seconds 
========================================================================
Received Prepare
Registering precompiled user dll's ...
Registered in 0.010614 seconds.
Begin MonoManager ReloadAssembly
Symbol file LoadedFromMemory doesn't match image C:\Users\Algo\Documents\GitHub\3D\Library\PackageCache\com.unity.visualscripting@1.7.8\Editor\VisualScripting.Core\Dependencies\YamlDotNet\Unity.VisualScripting.YamlDotNet.dll
Symbol file LoadedFromMemory doesn't match image C:\Users\Algo\Documents\GitHub\3D\Library\PackageCache\com.unity.visualscripting@1.7.8\Editor\VisualScripting.Core\Dependencies\DotNetZip\Unity.VisualScripting.IonicZip.dll
Native extension for WindowsStandalone target not found
Refreshing native plugins compatible for Editor in 1.47 ms, found 3 plugins.
Preloading 0 native plugins for Editor in 0.00 ms.
Mono: successfully reloaded assembly
- Completed reload, in  1.712 seconds
Domain Reload Profiling:
	ReloadAssembly (1713ms)
		BeginReloadAssembly (264ms)
			ExecutionOrderSort (0ms)
			DisableScriptedObjects (9ms)
			BackupInstance (0ms)
			ReleaseScriptingObjects (0ms)
			CreateAndSetChildDomain (71ms)
		EndReloadAssembly (1219ms)
			LoadAssemblies (195ms)
			RebuildTransferFunctionScriptingTraits (0ms)
			SetupTypeCache (444ms)
			ReleaseScriptCaches (1ms)
			RebuildScriptCaches (58ms)
			SetupLoadedEditorAssemblies (498ms)
				LogAssemblyErrors (0ms)
				InitializePlatformSupportModulesInManaged (23ms)
				SetLoadedEditorAssemblies (1ms)
				RefreshPlugins (2ms)
				BeforeProcessingInitializeOnLoad (105ms)
				ProcessInitializeOnLoadAttributes (312ms)
				ProcessInitializeOnLoadMethodAttributes (44ms)
				AfterProcessingInitializeOnLoad (12ms)
				EditorAssembliesLoaded (0ms)
			ExecutionOrderSort2 (0ms)
			AwakeInstancesAfterBackupRestoration (12ms)
Platform modules already initialized, skipping
Refreshing native plugins compatible for Editor in 2.76 ms, found 3 plugins.
Preloading 0 native plugins for Editor in 0.00 ms.
Unloading 3375 Unused Serialized files (Serialized files now loaded: 0)
Unloading 20 unused Assets / (78.5 KB). Loaded Objects now: 3890.
Memory consumption went from 125.0 MB to 124.9 MB.
Total: 5.041300 ms (FindLiveObjects: 0.299400 ms CreateObjectMapping: 0.192200 ms MarkObjects: 4.431600 ms  DeleteObjects: 0.116200 ms)

AssetImportParameters requested are different than current active one (requested -> active):
  custom:video-decoder-ogg-theora: a1e56fd34408186e4bbccfd4996cb3dc -> 
  custom:container-muxer-webm: aa71ff27fc2769a1b78a27578f13a17b -> 
  custom:container-demuxer-webm: 4f35f7cbe854078d1ac9338744f61a02 -> 
  custom:video-encoder-webm-vp8: eb34c28f22e8b96e1ab97ce403110664 -> 
  custom:audio-encoder-webm-vorbis: bf7c407c2cedff20999df2af8eb42d56 -> 
  custom:framework-win-MediaFoundation: 216162199b28c13a410421893ffa2e32 -> 
  custom:container-demuxer-ogg: 62fdf1f143b41e24485cea50d1cbac27 -> 
  custom:video-decoder-webm-vp8: 9c59270c3fd7afecdb556c50c9e8de78 -> 
  custom:audio-decoder-ogg-vorbis: bf7c407c2cedff20999df2af8eb42d56 -> 
========================================================================
Received Prepare
Registering precompiled user dll's ...
Registered in 0.016625 seconds.
Begin MonoManager ReloadAssembly
Symbol file LoadedFromMemory doesn't match image C:\Users\Algo\Documents\GitHub\3D\Library\PackageCache\com.unity.visualscripting@1.7.8\Editor\VisualScripting.Core\Dependencies\YamlDotNet\Unity.VisualScripting.YamlDotNet.dll
Symbol file LoadedFromMemory doesn't match image C:\Users\Algo\Documents\GitHub\3D\Library\PackageCache\com.unity.visualscripting@1.7.8\Editor\VisualScripting.Core\Dependencies\DotNetZip\Unity.VisualScripting.IonicZip.dll
Native extension for WindowsStandalone target not found
Refreshing native plugins compatible for Editor in 0.98 ms, found 3 plugins.
Preloading 0 native plugins for Editor in 0.00 ms.
Mono: successfully reloaded assembly
- Completed reload, in  1.631 seconds
Domain Reload Profiling:
	ReloadAssembly (1632ms)
		BeginReloadAssembly (215ms)
			ExecutionOrderSort (0ms)
			DisableScriptedObjects (9ms)
			BackupInstance (0ms)
			ReleaseScriptingObjects (0ms)
			CreateAndSetChildDomain (53ms)
		EndReloadAssembly (1226ms)
			LoadAssemblies (144ms)
			RebuildTransferFunctionScriptingTraits (0ms)
			SetupTypeCache (405ms)
			ReleaseScriptCaches (2ms)
			RebuildScriptCaches (64ms)
			SetupLoadedEditorAssemblies (558ms)
				LogAssemblyErrors (0ms)
				InitializePlatformSupportModulesInManaged (20ms)
				SetLoadedEditorAssemblies (1ms)
				RefreshPlugins (1ms)
				BeforeProcessingInitializeOnLoad (124ms)
				ProcessInitializeOnLoadAttributes (355ms)
				ProcessInitializeOnLoadMethodAttributes (45ms)
				AfterProcessingInitializeOnLoad (12ms)
				EditorAssembliesLoaded (0ms)
			ExecutionOrderSort2 (0ms)
			AwakeInstancesAfterBackupRestoration (12ms)
Platform modules already initialized, skipping
Refreshing native plugins compatible for Editor in 4.70 ms, found 3 plugins.
Preloading 0 native plugins for Editor in 0.00 ms.
Unloading 3375 Unused Serialized files (Serialized files now loaded: 0)
Unloading 20 unused Assets / (78.5 KB). Loaded Objects now: 3893.
Memory consumption went from 125.0 MB to 124.9 MB.
Total: 5.621200 ms (FindLiveObjects: 0.315300 ms CreateObjectMapping: 0.250000 ms MarkObjects: 4.898700 ms  DeleteObjects: 0.155600 ms)

AssetImportParameters requested are different than current active one (requested -> active):
  custom:video-decoder-ogg-theora: a1e56fd34408186e4bbccfd4996cb3dc -> 
  custom:container-muxer-webm: aa71ff27fc2769a1b78a27578f13a17b -> 
  custom:container-demuxer-webm: 4f35f7cbe854078d1ac9338744f61a02 -> 
  custom:video-encoder-webm-vp8: eb34c28f22e8b96e1ab97ce403110664 -> 
  custom:audio-encoder-webm-vorbis: bf7c407c2cedff20999df2af8eb42d56 -> 
  custom:framework-win-MediaFoundation: 216162199b28c13a410421893ffa2e32 -> 
  custom:container-demuxer-ogg: 62fdf1f143b41e24485cea50d1cbac27 -> 
  custom:video-decoder-webm-vp8: 9c59270c3fd7afecdb556c50c9e8de78 -> 
  custom:audio-decoder-ogg-vorbis: bf7c407c2cedff20999df2af8eb42d56 -> 
